mode: set
github.com/Winter0rbit/yamler/array.go:12.61,14.16 2 1
github.com/Winter0rbit/yamler/array.go:14.16,16.3 1 1
github.com/Winter0rbit/yamler/array.go:18.2,18.36 1 1
github.com/Winter0rbit/yamler/array.go:18.36,20.3 1 1
github.com/Winter0rbit/yamler/array.go:22.2,22.31 1 1
github.com/Winter0rbit/yamler/array.go:26.77,28.21 2 1
github.com/Winter0rbit/yamler/array.go:28.21,30.3 1 0
github.com/Winter0rbit/yamler/array.go:32.2,33.34 2 1
github.com/Winter0rbit/yamler/array.go:33.34,35.25 2 1
github.com/Winter0rbit/yamler/array.go:35.25,37.18 2 0
github.com/Winter0rbit/yamler/array.go:37.18,39.5 1 0
github.com/Winter0rbit/yamler/array.go:40.4,40.41 1 0
github.com/Winter0rbit/yamler/array.go:40.41,44.5 3 0
github.com/Winter0rbit/yamler/array.go:45.4,45.36 1 0
github.com/Winter0rbit/yamler/array.go:45.36,51.5 1 0
github.com/Winter0rbit/yamler/array.go:52.4,53.12 2 0
github.com/Winter0rbit/yamler/array.go:57.3,57.38 1 1
github.com/Winter0rbit/yamler/array.go:57.38,62.4 4 0
github.com/Winter0rbit/yamler/array.go:63.3,63.39 1 1
github.com/Winter0rbit/yamler/array.go:63.39,67.4 3 0
github.com/Winter0rbit/yamler/array.go:69.3,70.48 2 1
github.com/Winter0rbit/yamler/array.go:70.48,71.40 1 1
github.com/Winter0rbit/yamler/array.go:71.40,74.10 3 0
github.com/Winter0rbit/yamler/array.go:77.3,77.13 1 1
github.com/Winter0rbit/yamler/array.go:77.13,83.25 3 1
github.com/Winter0rbit/yamler/array.go:83.25,90.5 1 1
github.com/Winter0rbit/yamler/array.go:90.10,97.5 1 0
github.com/Winter0rbit/yamler/array.go:99.4,100.23 2 1
github.com/Winter0rbit/yamler/array.go:105.2,105.39 1 1
github.com/Winter0rbit/yamler/array.go:105.39,110.3 4 0
github.com/Winter0rbit/yamler/array.go:112.2,112.21 1 1
github.com/Winter0rbit/yamler/array.go:116.72,118.16 2 1
github.com/Winter0rbit/yamler/array.go:118.16,120.3 1 0
github.com/Winter0rbit/yamler/array.go:123.2,124.20 2 1
github.com/Winter0rbit/yamler/array.go:124.20,128.23 2 1
github.com/Winter0rbit/yamler/array.go:128.23,131.18 2 1
github.com/Winter0rbit/yamler/array.go:131.18,134.19 2 0
github.com/Winter0rbit/yamler/array.go:134.19,136.6 1 0
github.com/Winter0rbit/yamler/array.go:138.5,139.19 2 0
github.com/Winter0rbit/yamler/array.go:139.19,141.6 1 0
github.com/Winter0rbit/yamler/array.go:143.5,146.19 3 0
github.com/Winter0rbit/yamler/array.go:146.19,148.6 1 0
github.com/Winter0rbit/yamler/array.go:149.5,150.15 2 0
github.com/Winter0rbit/yamler/array.go:155.3,156.17 2 1
github.com/Winter0rbit/yamler/array.go:156.17,159.18 2 1
github.com/Winter0rbit/yamler/array.go:159.18,161.5 1 0
github.com/Winter0rbit/yamler/array.go:163.4,164.18 2 1
github.com/Winter0rbit/yamler/array.go:164.18,166.5 1 0
github.com/Winter0rbit/yamler/array.go:168.4,171.18 3 1
github.com/Winter0rbit/yamler/array.go:171.18,173.5 1 0
github.com/Winter0rbit/yamler/array.go:174.4,175.14 2 1
github.com/Winter0rbit/yamler/array.go:179.3,179.45 1 1
github.com/Winter0rbit/yamler/array.go:179.45,181.4 1 1
github.com/Winter0rbit/yamler/array.go:184.3,185.17 2 1
github.com/Winter0rbit/yamler/array.go:185.17,187.4 1 0
github.com/Winter0rbit/yamler/array.go:189.3,192.17 3 1
github.com/Winter0rbit/yamler/array.go:192.17,194.4 1 0
github.com/Winter0rbit/yamler/array.go:195.3,196.13 2 1
github.com/Winter0rbit/yamler/array.go:200.2,201.16 2 0
github.com/Winter0rbit/yamler/array.go:201.16,203.3 1 0
github.com/Winter0rbit/yamler/array.go:205.2,206.16 2 0
github.com/Winter0rbit/yamler/array.go:206.16,208.3 1 0
github.com/Winter0rbit/yamler/array.go:210.2,213.16 3 0
github.com/Winter0rbit/yamler/array.go:213.16,215.3 1 0
github.com/Winter0rbit/yamler/array.go:216.2,217.12 2 0
github.com/Winter0rbit/yamler/array.go:221.66,223.16 2 1
github.com/Winter0rbit/yamler/array.go:223.16,225.3 1 0
github.com/Winter0rbit/yamler/array.go:226.2,227.16 2 1
github.com/Winter0rbit/yamler/array.go:227.16,229.3 1 1
github.com/Winter0rbit/yamler/array.go:231.2,231.50 1 1
github.com/Winter0rbit/yamler/array.go:231.50,233.3 1 1
github.com/Winter0rbit/yamler/array.go:235.2,238.16 3 1
github.com/Winter0rbit/yamler/array.go:238.16,240.3 1 0
github.com/Winter0rbit/yamler/array.go:241.2,242.12 2 1
github.com/Winter0rbit/yamler/array.go:246.88,248.16 2 1
github.com/Winter0rbit/yamler/array.go:248.16,250.3 1 0
github.com/Winter0rbit/yamler/array.go:251.2,252.16 2 1
github.com/Winter0rbit/yamler/array.go:252.16,254.3 1 1
github.com/Winter0rbit/yamler/array.go:256.2,256.50 1 1
github.com/Winter0rbit/yamler/array.go:256.50,258.3 1 1
github.com/Winter0rbit/yamler/array.go:260.2,261.16 2 1
github.com/Winter0rbit/yamler/array.go:261.16,263.3 1 0
github.com/Winter0rbit/yamler/array.go:266.2,276.16 7 1
github.com/Winter0rbit/yamler/array.go:276.16,278.3 1 0
github.com/Winter0rbit/yamler/array.go:279.2,280.12 2 1
github.com/Winter0rbit/yamler/array.go:284.85,286.16 2 1
github.com/Winter0rbit/yamler/array.go:286.16,288.3 1 0
github.com/Winter0rbit/yamler/array.go:291.2,292.16 2 1
github.com/Winter0rbit/yamler/array.go:292.16,294.3 1 1
github.com/Winter0rbit/yamler/array.go:296.2,296.49 1 1
github.com/Winter0rbit/yamler/array.go:296.49,298.3 1 1
github.com/Winter0rbit/yamler/array.go:300.2,301.16 2 1
github.com/Winter0rbit/yamler/array.go:301.16,303.3 1 0
github.com/Winter0rbit/yamler/array.go:306.2,311.16 4 1
github.com/Winter0rbit/yamler/array.go:311.16,313.3 1 0
github.com/Winter0rbit/yamler/array.go:314.2,315.12 2 1
github.com/Winter0rbit/yamler/array.go:319.81,321.16 2 1
github.com/Winter0rbit/yamler/array.go:321.16,323.3 1 1
github.com/Winter0rbit/yamler/array.go:325.2,325.36 1 1
github.com/Winter0rbit/yamler/array.go:325.36,327.3 1 1
github.com/Winter0rbit/yamler/array.go:329.2,329.45 1 1
github.com/Winter0rbit/yamler/array.go:329.45,331.3 1 1
github.com/Winter0rbit/yamler/array.go:333.2,333.45 1 1
github.com/Winter0rbit/yamler/array.go:337.105,339.16 2 1
github.com/Winter0rbit/yamler/array.go:339.16,341.3 1 1
github.com/Winter0rbit/yamler/array.go:343.2,343.20 1 1
github.com/Winter0rbit/yamler/array.go:344.16,346.10 2 1
github.com/Winter0rbit/yamler/array.go:346.10,348.4 1 0
github.com/Winter0rbit/yamler/array.go:349.3,349.18 1 1
github.com/Winter0rbit/yamler/array.go:350.13,351.28 1 1
github.com/Winter0rbit/yamler/array.go:352.14,353.17 1 1
github.com/Winter0rbit/yamler/array.go:354.15,355.38 1 1
github.com/Winter0rbit/yamler/array.go:356.11,357.87 1 0
github.com/Winter0rbit/yamler/array.go:359.15,360.28 1 1
github.com/Winter0rbit/yamler/array.go:361.16,362.17 1 1
github.com/Winter0rbit/yamler/array.go:363.14,364.26 1 0
github.com/Winter0rbit/yamler/array.go:365.15,366.36 1 1
github.com/Winter0rbit/yamler/array.go:367.11,368.85 1 0
github.com/Winter0rbit/yamler/array.go:370.14,371.28 1 1
github.com/Winter0rbit/yamler/array.go:372.13,373.17 1 1
github.com/Winter0rbit/yamler/array.go:374.15,376.13 2 1
github.com/Winter0rbit/yamler/array.go:377.34,378.21 1 0
github.com/Winter0rbit/yamler/array.go:379.35,380.22 1 1
github.com/Winter0rbit/yamler/array.go:381.12,382.85 1 0
github.com/Winter0rbit/yamler/array.go:384.11,385.87 1 0
github.com/Winter0rbit/yamler/array.go:387.10,388.87 1 1
github.com/Winter0rbit/yamler/array.go:393.61,395.16 2 1
github.com/Winter0rbit/yamler/array.go:395.16,397.3 1 0
github.com/Winter0rbit/yamler/array.go:398.2,398.16 1 1
github.com/Winter0rbit/yamler/array.go:398.16,400.3 1 0
github.com/Winter0rbit/yamler/array.go:402.2,404.29 3 1
github.com/Winter0rbit/yamler/array.go:404.29,405.36 1 1
github.com/Winter0rbit/yamler/array.go:405.36,407.4 1 0
github.com/Winter0rbit/yamler/array.go:408.3,409.45 2 1
github.com/Winter0rbit/yamler/array.go:409.45,410.37 1 1
github.com/Winter0rbit/yamler/array.go:410.37,413.10 3 1
github.com/Winter0rbit/yamler/array.go:416.3,416.13 1 1
github.com/Winter0rbit/yamler/array.go:416.13,418.4 1 1
github.com/Winter0rbit/yamler/array.go:420.2,420.18 1 1
github.com/Winter0rbit/yamler/array.go:424.69,426.21 2 1
github.com/Winter0rbit/yamler/array.go:426.21,428.3 1 0
github.com/Winter0rbit/yamler/array.go:430.2,431.34 2 1
github.com/Winter0rbit/yamler/array.go:431.34,433.25 2 1
github.com/Winter0rbit/yamler/array.go:433.25,435.18 2 0
github.com/Winter0rbit/yamler/array.go:435.18,437.5 1 0
github.com/Winter0rbit/yamler/array.go:438.4,438.41 1 0
github.com/Winter0rbit/yamler/array.go:438.41,440.5 1 0
github.com/Winter0rbit/yamler/array.go:441.4,441.46 1 0
github.com/Winter0rbit/yamler/array.go:441.46,443.5 1 0
github.com/Winter0rbit/yamler/array.go:444.4,445.12 2 0
github.com/Winter0rbit/yamler/array.go:447.3,447.39 1 1
github.com/Winter0rbit/yamler/array.go:447.39,449.4 1 0
github.com/Winter0rbit/yamler/array.go:450.3,451.48 2 1
github.com/Winter0rbit/yamler/array.go:451.48,452.40 1 1
github.com/Winter0rbit/yamler/array.go:452.40,455.10 3 1
github.com/Winter0rbit/yamler/array.go:458.3,458.13 1 1
github.com/Winter0rbit/yamler/array.go:458.13,460.4 1 1
github.com/Winter0rbit/yamler/array.go:463.2,463.39 1 1
github.com/Winter0rbit/yamler/array.go:463.39,465.3 1 1
github.com/Winter0rbit/yamler/array.go:466.2,466.21 1 1
github.com/Winter0rbit/yamler/convert.go:13.38,14.16 1 1
github.com/Winter0rbit/yamler/convert.go:14.16,16.3 1 1
github.com/Winter0rbit/yamler/convert.go:18.2,21.29 3 1
github.com/Winter0rbit/yamler/convert.go:21.29,23.34 1 1
github.com/Winter0rbit/yamler/convert.go:23.34,25.59 1 1
github.com/Winter0rbit/yamler/convert.go:25.59,27.5 1 1
github.com/Winter0rbit/yamler/convert.go:28.4,28.40 1 1
github.com/Winter0rbit/yamler/convert.go:29.9,31.4 1 1
github.com/Winter0rbit/yamler/convert.go:34.2,34.15 1 1
github.com/Winter0rbit/yamler/convert.go:38.60,39.19 1 1
github.com/Winter0rbit/yamler/convert.go:40.23,41.33 1 1
github.com/Winter0rbit/yamler/convert.go:42.25,44.37 2 1
github.com/Winter0rbit/yamler/convert.go:44.37,46.18 2 1
github.com/Winter0rbit/yamler/convert.go:46.18,48.5 1 0
github.com/Winter0rbit/yamler/convert.go:49.4,49.34 1 1
github.com/Winter0rbit/yamler/convert.go:51.3,51.21 1 1
github.com/Winter0rbit/yamler/convert.go:52.24,54.45 2 1
github.com/Winter0rbit/yamler/convert.go:54.45,57.18 3 1
github.com/Winter0rbit/yamler/convert.go:57.18,59.5 1 0
github.com/Winter0rbit/yamler/convert.go:60.4,60.23 1 1
github.com/Winter0rbit/yamler/convert.go:62.3,62.21 1 1
github.com/Winter0rbit/yamler/convert.go:63.10,64.65 1 0
github.com/Winter0rbit/yamler/convert.go:69.62,70.18 1 1
github.com/Winter0rbit/yamler/convert.go:71.15,72.25 1 1
github.com/Winter0rbit/yamler/convert.go:73.15,74.46 1 1
github.com/Winter0rbit/yamler/convert.go:75.17,76.44 1 1
github.com/Winter0rbit/yamler/convert.go:77.16,78.39 1 1
github.com/Winter0rbit/yamler/convert.go:79.16,80.18 1 0
github.com/Winter0rbit/yamler/convert.go:81.10,82.25 1 0
github.com/Winter0rbit/yamler/convert.go:87.57,88.25 1 1
github.com/Winter0rbit/yamler/convert.go:89.14,90.45 1 1
github.com/Winter0rbit/yamler/convert.go:91.11,92.64 1 1
github.com/Winter0rbit/yamler/convert.go:93.13,94.64 1 1
github.com/Winter0rbit/yamler/convert.go:95.15,96.66 1 1
github.com/Winter0rbit/yamler/convert.go:97.12,98.65 1 1
github.com/Winter0rbit/yamler/convert.go:99.21,100.37 1 1
github.com/Winter0rbit/yamler/convert.go:101.16,102.36 1 1
github.com/Winter0rbit/yamler/convert.go:103.15,104.35 1 1
github.com/Winter0rbit/yamler/convert.go:105.17,106.37 1 1
github.com/Winter0rbit/yamler/convert.go:107.14,108.34 1 1
github.com/Winter0rbit/yamler/convert.go:109.30,110.28 1 1
github.com/Winter0rbit/yamler/convert.go:111.32,112.33 1 1
github.com/Winter0rbit/yamler/convert.go:113.11,114.31 1 0
github.com/Winter0rbit/yamler/convert.go:115.10,116.52 1 0
github.com/Winter0rbit/yamler/convert.go:121.53,127.2 1 1
github.com/Winter0rbit/yamler/convert.go:130.34,135.2 1 0
github.com/Winter0rbit/yamler/convert.go:138.68,143.27 2 1
github.com/Winter0rbit/yamler/convert.go:143.27,145.17 2 1
github.com/Winter0rbit/yamler/convert.go:145.17,147.4 1 0
github.com/Winter0rbit/yamler/convert.go:148.3,148.48 1 1
github.com/Winter0rbit/yamler/convert.go:150.2,150.18 1 1
github.com/Winter0rbit/yamler/convert.go:154.62,159.27 2 1
github.com/Winter0rbit/yamler/convert.go:159.27,161.3 1 1
github.com/Winter0rbit/yamler/convert.go:162.2,162.18 1 1
github.com/Winter0rbit/yamler/convert.go:166.60,171.27 2 1
github.com/Winter0rbit/yamler/convert.go:171.27,173.3 1 1
github.com/Winter0rbit/yamler/convert.go:174.2,174.18 1 1
github.com/Winter0rbit/yamler/convert.go:178.64,183.27 2 1
github.com/Winter0rbit/yamler/convert.go:183.27,185.3 1 1
github.com/Winter0rbit/yamler/convert.go:186.2,186.18 1 1
github.com/Winter0rbit/yamler/convert.go:190.58,195.27 2 1
github.com/Winter0rbit/yamler/convert.go:195.27,197.3 1 1
github.com/Winter0rbit/yamler/convert.go:198.2,198.18 1 1
github.com/Winter0rbit/yamler/convert.go:202.68,209.23 3 1
github.com/Winter0rbit/yamler/convert.go:209.23,211.3 1 1
github.com/Winter0rbit/yamler/convert.go:212.2,214.27 2 1
github.com/Winter0rbit/yamler/convert.go:214.27,218.17 4 1
github.com/Winter0rbit/yamler/convert.go:218.17,220.4 1 0
github.com/Winter0rbit/yamler/convert.go:221.3,221.58 1 1
github.com/Winter0rbit/yamler/convert.go:223.2,223.18 1 1
github.com/Winter0rbit/yamler/convert.go:227.75,232.27 2 1
github.com/Winter0rbit/yamler/convert.go:232.27,234.17 2 1
github.com/Winter0rbit/yamler/convert.go:234.17,236.4 1 0
github.com/Winter0rbit/yamler/convert.go:237.3,237.48 1 1
github.com/Winter0rbit/yamler/convert.go:239.2,239.18 1 1
github.com/Winter0rbit/yamler/document.go:21.54,22.47 1 1
github.com/Winter0rbit/yamler/document.go:22.47,24.3 1 0
github.com/Winter0rbit/yamler/document.go:25.2,26.35 2 1
github.com/Winter0rbit/yamler/document.go:26.35,28.3 1 1
github.com/Winter0rbit/yamler/document.go:29.2,29.18 1 1
github.com/Winter0rbit/yamler/document.go:33.51,35.16 2 1
github.com/Winter0rbit/yamler/document.go:35.16,37.3 1 0
github.com/Winter0rbit/yamler/document.go:39.2,39.27 1 1
github.com/Winter0rbit/yamler/document.go:43.51,45.2 1 1
github.com/Winter0rbit/yamler/document.go:48.46,49.19 1 1
github.com/Winter0rbit/yamler/document.go:49.19,62.3 1 1
github.com/Winter0rbit/yamler/document.go:65.2,66.41 2 1
github.com/Winter0rbit/yamler/document.go:66.41,67.25 1 1
github.com/Winter0rbit/yamler/document.go:67.25,69.4 1 1
github.com/Winter0rbit/yamler/document.go:69.9,69.32 1 1
github.com/Winter0rbit/yamler/document.go:69.32,71.12 1 0
github.com/Winter0rbit/yamler/document.go:72.9,73.9 1 1
github.com/Winter0rbit/yamler/document.go:77.2,78.63 2 1
github.com/Winter0rbit/yamler/document.go:78.63,80.3 1 1
github.com/Winter0rbit/yamler/document.go:82.2,89.23 2 1
github.com/Winter0rbit/yamler/document.go:89.23,91.3 1 1
github.com/Winter0rbit/yamler/document.go:93.2,93.17 1 1
github.com/Winter0rbit/yamler/document.go:97.39,98.47 1 1
github.com/Winter0rbit/yamler/document.go:98.47,100.3 1 0
github.com/Winter0rbit/yamler/document.go:101.2,101.52 1 1
github.com/Winter0rbit/yamler/document.go:105.55,106.47 1 1
github.com/Winter0rbit/yamler/document.go:106.47,108.3 1 0
github.com/Winter0rbit/yamler/document.go:109.2,110.36 2 1
github.com/Winter0rbit/yamler/document.go:110.36,112.3 1 0
github.com/Winter0rbit/yamler/document.go:113.2,113.18 1 1
github.com/Winter0rbit/yamler/document.go:117.85,118.22 1 1
github.com/Winter0rbit/yamler/document.go:118.22,120.3 1 0
github.com/Winter0rbit/yamler/document.go:122.2,123.16 2 1
github.com/Winter0rbit/yamler/document.go:123.16,125.3 1 0
github.com/Winter0rbit/yamler/document.go:127.2,127.45 1 1
github.com/Winter0rbit/yamler/document.go:127.45,129.3 1 0
github.com/Winter0rbit/yamler/document.go:131.2,132.16 2 1
github.com/Winter0rbit/yamler/document.go:132.16,135.17 2 1
github.com/Winter0rbit/yamler/document.go:135.17,137.4 1 0
github.com/Winter0rbit/yamler/document.go:138.3,139.13 2 1
github.com/Winter0rbit/yamler/document.go:143.2,143.38 1 1
github.com/Winter0rbit/yamler/document.go:143.38,145.3 1 0
github.com/Winter0rbit/yamler/document.go:147.2,147.47 1 1
github.com/Winter0rbit/yamler/document.go:151.89,152.22 1 1
github.com/Winter0rbit/yamler/document.go:152.22,154.3 1 0
github.com/Winter0rbit/yamler/document.go:156.2,157.16 2 1
github.com/Winter0rbit/yamler/document.go:157.16,159.3 1 0
github.com/Winter0rbit/yamler/document.go:161.2,161.45 1 1
github.com/Winter0rbit/yamler/document.go:161.45,163.3 1 0
github.com/Winter0rbit/yamler/document.go:165.2,166.16 2 1
github.com/Winter0rbit/yamler/document.go:166.16,169.3 1 1
github.com/Winter0rbit/yamler/document.go:172.2,172.42 1 1
github.com/Winter0rbit/yamler/document.go:176.61,177.22 1 1
github.com/Winter0rbit/yamler/document.go:177.22,179.3 1 0
github.com/Winter0rbit/yamler/document.go:181.2,182.16 2 1
github.com/Winter0rbit/yamler/document.go:182.16,184.3 1 0
github.com/Winter0rbit/yamler/document.go:186.2,187.16 2 1
github.com/Winter0rbit/yamler/document.go:187.16,189.3 1 0
github.com/Winter0rbit/yamler/document.go:191.2,192.12 2 1
github.com/Winter0rbit/yamler/document.go:196.90,201.29 3 1
github.com/Winter0rbit/yamler/document.go:201.29,202.24 1 1
github.com/Winter0rbit/yamler/document.go:202.24,205.4 1 1
github.com/Winter0rbit/yamler/document.go:208.3,209.48 2 1
github.com/Winter0rbit/yamler/document.go:209.48,210.40 1 1
github.com/Winter0rbit/yamler/document.go:210.40,213.10 3 1
github.com/Winter0rbit/yamler/document.go:217.3,217.13 1 1
github.com/Winter0rbit/yamler/document.go:217.13,219.4 1 0
github.com/Winter0rbit/yamler/document.go:222.2,222.12 1 0
github.com/Winter0rbit/yamler/document.go:226.88,230.29 3 1
github.com/Winter0rbit/yamler/document.go:230.29,231.39 1 1
github.com/Winter0rbit/yamler/document.go:231.39,233.4 1 0
github.com/Winter0rbit/yamler/document.go:236.3,237.48 2 1
github.com/Winter0rbit/yamler/document.go:237.48,238.40 1 1
github.com/Winter0rbit/yamler/document.go:238.40,241.10 3 1
github.com/Winter0rbit/yamler/document.go:245.3,245.13 1 1
github.com/Winter0rbit/yamler/document.go:245.13,247.4 1 0
github.com/Winter0rbit/yamler/document.go:250.2,250.33 1 1
github.com/Winter0rbit/yamler/document.go:254.89,255.35 1 1
github.com/Winter0rbit/yamler/document.go:255.35,257.3 1 0
github.com/Winter0rbit/yamler/document.go:260.2,260.44 1 1
github.com/Winter0rbit/yamler/document.go:260.44,261.35 1 1
github.com/Winter0rbit/yamler/document.go:261.35,264.18 2 1
github.com/Winter0rbit/yamler/document.go:264.18,266.5 1 0
github.com/Winter0rbit/yamler/document.go:267.4,268.14 2 1
github.com/Winter0rbit/yamler/document.go:273.2,279.16 3 0
github.com/Winter0rbit/yamler/document.go:279.16,281.3 1 0
github.com/Winter0rbit/yamler/document.go:283.2,284.12 2 0
github.com/Winter0rbit/yamler/document.go:288.48,290.16 2 1
github.com/Winter0rbit/yamler/document.go:290.16,292.3 1 0
github.com/Winter0rbit/yamler/document.go:294.2,294.46 1 1
github.com/Winter0rbit/yamler/document.go:298.46,299.47 1 1
github.com/Winter0rbit/yamler/document.go:299.47,301.3 1 0
github.com/Winter0rbit/yamler/document.go:304.2,309.17 4 1
github.com/Winter0rbit/yamler/document.go:309.17,311.3 1 1
github.com/Winter0rbit/yamler/document.go:313.2,313.47 1 1
github.com/Winter0rbit/yamler/document.go:313.47,315.3 1 0
github.com/Winter0rbit/yamler/document.go:316.2,321.17 3 1
github.com/Winter0rbit/yamler/document.go:321.17,327.3 2 1
github.com/Winter0rbit/yamler/document.go:330.2,330.55 1 1
github.com/Winter0rbit/yamler/document.go:330.55,332.3 1 1
github.com/Winter0rbit/yamler/document.go:335.2,335.28 1 1
github.com/Winter0rbit/yamler/document.go:335.28,337.3 1 1
github.com/Winter0rbit/yamler/document.go:339.2,339.20 1 1
github.com/Winter0rbit/yamler/document.go:353.55,368.29 5 1
github.com/Winter0rbit/yamler/document.go:368.29,369.36 1 1
github.com/Winter0rbit/yamler/document.go:369.36,371.24 1 1
github.com/Winter0rbit/yamler/document.go:371.24,373.58 2 1
github.com/Winter0rbit/yamler/document.go:373.58,374.54 1 1
github.com/Winter0rbit/yamler/document.go:374.54,377.7 2 1
github.com/Winter0rbit/yamler/document.go:380.4,380.12 1 1
github.com/Winter0rbit/yamler/document.go:384.3,386.26 3 1
github.com/Winter0rbit/yamler/document.go:386.26,387.16 1 1
github.com/Winter0rbit/yamler/document.go:387.16,389.5 1 1
github.com/Winter0rbit/yamler/document.go:389.10,389.24 1 1
github.com/Winter0rbit/yamler/document.go:389.24,392.5 2 0
github.com/Winter0rbit/yamler/document.go:392.10,393.10 1 1
github.com/Winter0rbit/yamler/document.go:398.3,398.41 1 1
github.com/Winter0rbit/yamler/document.go:398.41,401.4 2 1
github.com/Winter0rbit/yamler/document.go:401.9,401.29 1 1
github.com/Winter0rbit/yamler/document.go:401.29,403.4 1 0
github.com/Winter0rbit/yamler/document.go:405.3,408.71 2 1
github.com/Winter0rbit/yamler/document.go:408.71,409.38 1 1
github.com/Winter0rbit/yamler/document.go:409.38,410.52 1 1
github.com/Winter0rbit/yamler/document.go:410.52,415.76 3 1
github.com/Winter0rbit/yamler/document.go:415.76,417.7 1 1
github.com/Winter0rbit/yamler/document.go:423.3,423.71 1 1
github.com/Winter0rbit/yamler/document.go:423.71,424.38 1 1
github.com/Winter0rbit/yamler/document.go:424.38,425.52 1 1
github.com/Winter0rbit/yamler/document.go:425.52,427.40 2 1
github.com/Winter0rbit/yamler/document.go:427.40,429.7 1 1
github.com/Winter0rbit/yamler/document.go:429.12,429.47 1 1
github.com/Winter0rbit/yamler/document.go:429.47,431.7 1 1
github.com/Winter0rbit/yamler/document.go:438.2,438.44 1 1
github.com/Winter0rbit/yamler/document.go:438.44,441.21 2 1
github.com/Winter0rbit/yamler/document.go:441.21,443.4 1 1
github.com/Winter0rbit/yamler/document.go:446.2,446.13 1 1
github.com/Winter0rbit/yamler/document.go:450.44,451.22 1 1
github.com/Winter0rbit/yamler/document.go:451.22,453.3 1 0
github.com/Winter0rbit/yamler/document.go:456.2,457.31 2 1
github.com/Winter0rbit/yamler/document.go:457.31,458.36 1 1
github.com/Winter0rbit/yamler/document.go:458.36,460.4 1 0
github.com/Winter0rbit/yamler/document.go:464.2,464.31 1 1
github.com/Winter0rbit/yamler/document.go:464.31,465.26 1 1
github.com/Winter0rbit/yamler/document.go:465.26,467.51 1 1
github.com/Winter0rbit/yamler/document.go:467.51,469.30 2 1
github.com/Winter0rbit/yamler/document.go:469.30,470.26 1 1
github.com/Winter0rbit/yamler/document.go:470.26,472.12 2 0
github.com/Winter0rbit/yamler/document.go:475.5,475.14 1 1
github.com/Winter0rbit/yamler/document.go:475.14,477.6 1 1
github.com/Winter0rbit/yamler/document.go:480.4,480.12 1 0
github.com/Winter0rbit/yamler/document.go:484.2,484.17 1 1
github.com/Winter0rbit/yamler/document.go:488.54,489.17 1 1
github.com/Winter0rbit/yamler/document.go:489.17,491.3 1 0
github.com/Winter0rbit/yamler/document.go:493.2,494.44 2 1
github.com/Winter0rbit/yamler/document.go:498.85,499.17 1 1
github.com/Winter0rbit/yamler/document.go:499.17,501.3 1 0
github.com/Winter0rbit/yamler/document.go:503.2,503.19 1 1
github.com/Winter0rbit/yamler/document.go:504.24,506.28 1 0
github.com/Winter0rbit/yamler/document.go:506.28,507.32 1 0
github.com/Winter0rbit/yamler/document.go:507.32,510.5 1 0
github.com/Winter0rbit/yamler/document.go:510.10,512.5 1 0
github.com/Winter0rbit/yamler/document.go:516.3,516.45 1 0
github.com/Winter0rbit/yamler/document.go:516.45,517.31 1 0
github.com/Winter0rbit/yamler/document.go:517.31,520.22 3 0
github.com/Winter0rbit/yamler/document.go:520.22,522.6 1 0
github.com/Winter0rbit/yamler/document.go:522.11,524.6 1 0
github.com/Winter0rbit/yamler/document.go:527.5,527.56 1 0
github.com/Winter0rbit/yamler/document.go:527.56,529.6 1 0
github.com/Winter0rbit/yamler/document.go:531.5,531.65 1 0
github.com/Winter0rbit/yamler/document.go:535.25,537.28 1 0
github.com/Winter0rbit/yamler/document.go:537.28,539.4 1 0
github.com/Winter0rbit/yamler/document.go:542.3,542.38 1 0
github.com/Winter0rbit/yamler/document.go:542.38,544.4 1 0
github.com/Winter0rbit/yamler/document.go:549.98,553.18 2 1
github.com/Winter0rbit/yamler/document.go:553.18,555.3 1 0
github.com/Winter0rbit/yamler/document.go:555.8,555.33 1 1
github.com/Winter0rbit/yamler/document.go:555.33,558.3 1 1
github.com/Winter0rbit/yamler/document.go:561.2,569.23 4 1
github.com/Winter0rbit/yamler/document.go:573.71,575.29 2 0
github.com/Winter0rbit/yamler/document.go:575.29,576.36 1 0
github.com/Winter0rbit/yamler/document.go:576.36,579.27 2 0
github.com/Winter0rbit/yamler/document.go:579.27,580.17 1 0
github.com/Winter0rbit/yamler/document.go:580.17,582.6 1 0
github.com/Winter0rbit/yamler/document.go:582.11,583.11 1 0
github.com/Winter0rbit/yamler/document.go:587.4,587.25 1 0
github.com/Winter0rbit/yamler/document.go:587.25,591.5 3 0
github.com/Winter0rbit/yamler/document.go:594.2,594.34 1 0
github.com/Winter0rbit/yamler/document.go:598.78,599.27 1 1
github.com/Winter0rbit/yamler/document.go:599.27,601.3 1 0
github.com/Winter0rbit/yamler/document.go:603.2,606.29 3 1
github.com/Winter0rbit/yamler/document.go:606.29,607.35 1 1
github.com/Winter0rbit/yamler/document.go:607.35,610.27 2 1
github.com/Winter0rbit/yamler/document.go:610.27,611.17 1 1
github.com/Winter0rbit/yamler/document.go:611.17,613.6 1 1
github.com/Winter0rbit/yamler/document.go:613.11,614.11 1 1
github.com/Winter0rbit/yamler/document.go:619.4,619.88 1 1
github.com/Winter0rbit/yamler/document.go:619.88,625.5 4 1
github.com/Winter0rbit/yamler/document.go:630.2,630.16 1 1
github.com/Winter0rbit/yamler/document.go:630.16,632.3 1 0
github.com/Winter0rbit/yamler/document.go:634.2,634.34 1 1
github.com/Winter0rbit/yamler/document.go:638.86,646.37 3 1
github.com/Winter0rbit/yamler/document.go:646.37,648.71 2 1
github.com/Winter0rbit/yamler/document.go:648.71,649.51 1 1
github.com/Winter0rbit/yamler/document.go:649.51,651.51 2 1
github.com/Winter0rbit/yamler/document.go:651.51,657.50 3 1
github.com/Winter0rbit/yamler/document.go:657.50,659.44 2 1
github.com/Winter0rbit/yamler/document.go:659.44,661.16 2 0
github.com/Winter0rbit/yamler/document.go:664.7,665.30 2 1
github.com/Winter0rbit/yamler/document.go:665.30,668.8 1 1
github.com/Winter0rbit/yamler/document.go:668.13,670.13 1 1
github.com/Winter0rbit/yamler/document.go:673.6,673.38 1 1
github.com/Winter0rbit/yamler/document.go:680.2,680.50 1 1
github.com/Winter0rbit/yamler/document.go:680.50,682.3 1 1
github.com/Winter0rbit/yamler/document.go:684.2,684.19 1 1
github.com/Winter0rbit/yamler/document.go:688.42,690.25 2 1
github.com/Winter0rbit/yamler/document.go:690.25,691.15 1 1
github.com/Winter0rbit/yamler/document.go:691.15,693.4 1 1
github.com/Winter0rbit/yamler/document.go:693.9,694.9 1 1
github.com/Winter0rbit/yamler/document.go:697.2,697.14 1 1
github.com/Winter0rbit/yamler/document.go:701.78,705.29 2 1
github.com/Winter0rbit/yamler/document.go:705.29,707.76 2 1
github.com/Winter0rbit/yamler/document.go:707.76,713.40 3 1
github.com/Winter0rbit/yamler/document.go:713.40,714.42 1 1
github.com/Winter0rbit/yamler/document.go:714.42,716.14 2 1
github.com/Winter0rbit/yamler/document.go:718.5,719.28 2 1
github.com/Winter0rbit/yamler/document.go:719.28,721.6 1 1
github.com/Winter0rbit/yamler/document.go:721.11,722.11 1 1
github.com/Winter0rbit/yamler/document.go:727.4,732.39 5 1
github.com/Winter0rbit/yamler/document.go:736.2,736.16 1 0
github.com/Winter0rbit/yamler/document.go:740.74,744.29 3 1
github.com/Winter0rbit/yamler/document.go:744.29,746.54 2 1
github.com/Winter0rbit/yamler/document.go:746.54,747.51 1 1
github.com/Winter0rbit/yamler/document.go:747.51,749.77 2 1
github.com/Winter0rbit/yamler/document.go:749.77,751.6 1 1
github.com/Winter0rbit/yamler/document.go:754.3,754.32 1 1
github.com/Winter0rbit/yamler/document.go:757.2,757.35 1 1
github.com/Winter0rbit/yamler/document.go:761.86,769.37 3 1
github.com/Winter0rbit/yamler/document.go:769.37,771.37 2 1
github.com/Winter0rbit/yamler/document.go:771.37,772.51 1 1
github.com/Winter0rbit/yamler/document.go:772.51,776.32 2 1
github.com/Winter0rbit/yamler/document.go:776.32,785.50 4 1
github.com/Winter0rbit/yamler/document.go:785.50,789.28 3 1
github.com/Winter0rbit/yamler/document.go:789.28,791.16 2 0
github.com/Winter0rbit/yamler/document.go:794.7,797.108 2 1
github.com/Winter0rbit/yamler/document.go:797.108,801.86 2 1
github.com/Winter0rbit/yamler/document.go:801.86,802.14 1 1
github.com/Winter0rbit/yamler/document.go:804.13,806.13 1 0
github.com/Winter0rbit/yamler/document.go:810.6,810.43 1 1
github.com/Winter0rbit/yamler/document.go:817.2,817.59 1 1
github.com/Winter0rbit/yamler/document.go:817.59,819.3 1 1
github.com/Winter0rbit/yamler/document.go:821.2,821.19 1 1
github.com/Winter0rbit/yamler/document.go:825.83,829.29 2 1
github.com/Winter0rbit/yamler/document.go:829.29,831.76 2 1
github.com/Winter0rbit/yamler/document.go:831.76,833.72 1 1
github.com/Winter0rbit/yamler/document.go:833.72,841.5 5 1
github.com/Winter0rbit/yamler/document.go:845.2,845.16 1 1
github.com/Winter0rbit/yamler/document.go:849.40,852.2 2 1
github.com/Winter0rbit/yamler/document.go:861.57,863.30 2 0
github.com/Winter0rbit/yamler/document.go:863.30,865.3 1 0
github.com/Winter0rbit/yamler/document.go:866.2,866.20 1 0
github.com/Winter0rbit/yamler/document.go:870.67,871.19 1 0
github.com/Winter0rbit/yamler/document.go:872.23,873.33 1 0
github.com/Winter0rbit/yamler/document.go:874.25,876.37 2 0
github.com/Winter0rbit/yamler/document.go:876.37,878.18 2 0
github.com/Winter0rbit/yamler/document.go:878.18,880.5 1 0
github.com/Winter0rbit/yamler/document.go:881.4,881.34 1 0
github.com/Winter0rbit/yamler/document.go:883.3,883.21 1 0
github.com/Winter0rbit/yamler/document.go:884.24,889.45 2 0
github.com/Winter0rbit/yamler/document.go:889.45,892.18 3 0
github.com/Winter0rbit/yamler/document.go:892.18,894.5 1 0
github.com/Winter0rbit/yamler/document.go:895.4,896.26 2 0
github.com/Winter0rbit/yamler/document.go:898.3,898.17 1 0
github.com/Winter0rbit/yamler/document.go:899.10,900.65 1 0
github.com/Winter0rbit/yamler/document.go:905.52,906.17 1 0
github.com/Winter0rbit/yamler/document.go:906.17,908.3 1 0
github.com/Winter0rbit/yamler/document.go:910.2,910.19 1 0
github.com/Winter0rbit/yamler/document.go:911.25,915.36 3 0
github.com/Winter0rbit/yamler/document.go:915.36,930.28 2 0
github.com/Winter0rbit/yamler/document.go:930.28,933.5 2 0
github.com/Winter0rbit/yamler/document.go:934.4,935.42 2 0
github.com/Winter0rbit/yamler/document.go:937.3,938.21 2 0
github.com/Winter0rbit/yamler/document.go:939.24,941.38 1 0
github.com/Winter0rbit/yamler/document.go:941.38,943.4 1 0
github.com/Winter0rbit/yamler/document.go:948.39,949.17 1 0
github.com/Winter0rbit/yamler/document.go:949.17,951.3 1 0
github.com/Winter0rbit/yamler/document.go:953.2,953.19 1 0
github.com/Winter0rbit/yamler/document.go:954.25,959.38 3 0
github.com/Winter0rbit/yamler/document.go:959.38,961.4 1 0
github.com/Winter0rbit/yamler/document.go:962.24,967.38 3 0
github.com/Winter0rbit/yamler/document.go:967.38,969.4 1 0
github.com/Winter0rbit/yamler/document.go:970.23,972.35 1 0
github.com/Winter0rbit/yamler/document.go:972.35,974.4 1 0
github.com/Winter0rbit/yamler/document.go:979.42,980.17 1 0
github.com/Winter0rbit/yamler/document.go:980.17,982.3 1 0
github.com/Winter0rbit/yamler/document.go:984.2,984.19 1 0
github.com/Winter0rbit/yamler/document.go:985.25,989.37 3 0
github.com/Winter0rbit/yamler/document.go:989.37,991.4 1 0
github.com/Winter0rbit/yamler/document.go:992.24,995.37 3 0
github.com/Winter0rbit/yamler/document.go:995.37,997.4 1 0
github.com/Winter0rbit/yamler/document.go:998.10,1000.35 1 0
github.com/Winter0rbit/yamler/document.go:1000.35,1002.4 1 0
github.com/Winter0rbit/yamler/document.go:1007.48,1008.36 1 0
github.com/Winter0rbit/yamler/document.go:1008.36,1010.3 1 0
github.com/Winter0rbit/yamler/document.go:1013.2,1018.72 4 0
github.com/Winter0rbit/yamler/document.go:1018.72,1019.74 1 0
github.com/Winter0rbit/yamler/document.go:1019.74,1020.62 1 0
github.com/Winter0rbit/yamler/document.go:1020.62,1035.5 9 0
github.com/Winter0rbit/yamler/document.go:1040.2,1040.74 1 0
github.com/Winter0rbit/yamler/document.go:1040.74,1041.71 1 0
github.com/Winter0rbit/yamler/document.go:1041.71,1049.4 5 0
github.com/Winter0rbit/yamler/document.go:1054.45,1056.16 2 1
github.com/Winter0rbit/yamler/document.go:1056.16,1058.3 1 0
github.com/Winter0rbit/yamler/document.go:1059.2,1059.27 1 1
github.com/Winter0rbit/yamler/getters.go:12.58,14.16 2 1
github.com/Winter0rbit/yamler/getters.go:14.16,16.3 1 0
github.com/Winter0rbit/yamler/getters.go:17.2,17.16 1 1
github.com/Winter0rbit/yamler/getters.go:17.16,19.3 1 0
github.com/Winter0rbit/yamler/getters.go:21.2,23.29 3 1
github.com/Winter0rbit/yamler/getters.go:23.29,25.17 2 1
github.com/Winter0rbit/yamler/getters.go:25.17,27.4 1 1
github.com/Winter0rbit/yamler/getters.go:29.2,29.30 1 1
github.com/Winter0rbit/yamler/getters.go:33.81,35.34 1 1
github.com/Winter0rbit/yamler/getters.go:35.34,37.3 1 1
github.com/Winter0rbit/yamler/getters.go:38.2,38.47 1 1
github.com/Winter0rbit/yamler/getters.go:42.89,45.15 2 1
github.com/Winter0rbit/yamler/getters.go:45.15,47.3 1 0
github.com/Winter0rbit/yamler/getters.go:48.2,51.16 4 1
github.com/Winter0rbit/yamler/getters.go:51.16,53.3 1 0
github.com/Winter0rbit/yamler/getters.go:56.2,56.35 1 1
github.com/Winter0rbit/yamler/getters.go:56.35,58.3 1 0
github.com/Winter0rbit/yamler/getters.go:60.2,61.12 2 1
github.com/Winter0rbit/yamler/getters.go:61.12,63.3 1 0
github.com/Winter0rbit/yamler/getters.go:65.2,65.41 1 1
github.com/Winter0rbit/yamler/getters.go:65.41,67.3 1 0
github.com/Winter0rbit/yamler/getters.go:68.2,68.50 1 1
github.com/Winter0rbit/yamler/getters.go:68.50,70.3 1 0
github.com/Winter0rbit/yamler/getters.go:72.2,72.38 1 1
github.com/Winter0rbit/yamler/getters.go:76.83,77.35 1 1
github.com/Winter0rbit/yamler/getters.go:77.35,79.3 1 1
github.com/Winter0rbit/yamler/getters.go:81.2,82.12 2 1
github.com/Winter0rbit/yamler/getters.go:82.12,84.3 1 1
github.com/Winter0rbit/yamler/getters.go:86.2,86.23 1 1
github.com/Winter0rbit/yamler/getters.go:90.71,91.44 1 1
github.com/Winter0rbit/yamler/getters.go:91.44,92.35 1 1
github.com/Winter0rbit/yamler/getters.go:92.35,94.4 1 1
github.com/Winter0rbit/yamler/getters.go:96.2,96.19 1 1
github.com/Winter0rbit/yamler/getters.go:100.59,102.16 2 1
github.com/Winter0rbit/yamler/getters.go:102.16,104.3 1 1
github.com/Winter0rbit/yamler/getters.go:106.2,107.9 2 1
github.com/Winter0rbit/yamler/getters.go:107.9,109.3 1 1
github.com/Winter0rbit/yamler/getters.go:111.2,111.17 1 1
github.com/Winter0rbit/yamler/getters.go:115.55,117.16 2 1
github.com/Winter0rbit/yamler/getters.go:117.16,119.3 1 1
github.com/Winter0rbit/yamler/getters.go:121.2,121.27 1 1
github.com/Winter0rbit/yamler/getters.go:122.13,123.16 1 1
github.com/Winter0rbit/yamler/getters.go:124.14,126.17 2 1
github.com/Winter0rbit/yamler/getters.go:126.17,128.4 1 1
github.com/Winter0rbit/yamler/getters.go:129.3,129.16 1 1
github.com/Winter0rbit/yamler/getters.go:130.10,131.73 1 0
github.com/Winter0rbit/yamler/getters.go:136.59,138.16 2 1
github.com/Winter0rbit/yamler/getters.go:138.16,140.3 1 1
github.com/Winter0rbit/yamler/getters.go:142.2,142.27 1 1
github.com/Winter0rbit/yamler/getters.go:143.15,144.16 1 1
github.com/Winter0rbit/yamler/getters.go:145.13,146.25 1 1
github.com/Winter0rbit/yamler/getters.go:147.14,149.17 2 1
github.com/Winter0rbit/yamler/getters.go:149.17,151.4 1 1
github.com/Winter0rbit/yamler/getters.go:152.3,152.16 1 1
github.com/Winter0rbit/yamler/getters.go:153.10,154.71 1 0
github.com/Winter0rbit/yamler/getters.go:159.55,161.16 2 1
github.com/Winter0rbit/yamler/getters.go:161.16,163.3 1 1
github.com/Winter0rbit/yamler/getters.go:165.2,165.27 1 1
github.com/Winter0rbit/yamler/getters.go:166.12,167.16 1 1
github.com/Winter0rbit/yamler/getters.go:168.14,170.12 2 1
github.com/Winter0rbit/yamler/getters.go:171.33,172.20 1 1
github.com/Winter0rbit/yamler/getters.go:173.34,174.21 1 1
github.com/Winter0rbit/yamler/getters.go:175.11,176.75 1 1
github.com/Winter0rbit/yamler/getters.go:178.10,179.77 1 1
github.com/Winter0rbit/yamler/getters.go:184.65,186.16 2 1
github.com/Winter0rbit/yamler/getters.go:186.16,188.3 1 1
github.com/Winter0rbit/yamler/getters.go:190.2,191.9 2 1
github.com/Winter0rbit/yamler/getters.go:191.9,193.3 1 1
github.com/Winter0rbit/yamler/getters.go:195.2,195.19 1 1
github.com/Winter0rbit/yamler/getters.go:199.72,201.16 2 1
github.com/Winter0rbit/yamler/getters.go:201.16,203.3 1 1
github.com/Winter0rbit/yamler/getters.go:205.2,206.9 2 1
github.com/Winter0rbit/yamler/getters.go:206.9,208.3 1 1
github.com/Winter0rbit/yamler/getters.go:210.2,210.15 1 1
github.com/Winter0rbit/yamler/getters.go:214.66,216.16 2 1
github.com/Winter0rbit/yamler/getters.go:216.16,218.3 1 0
github.com/Winter0rbit/yamler/getters.go:220.2,221.26 2 1
github.com/Winter0rbit/yamler/getters.go:221.26,223.10 2 1
github.com/Winter0rbit/yamler/getters.go:223.10,225.4 1 0
github.com/Winter0rbit/yamler/getters.go:226.3,226.18 1 1
github.com/Winter0rbit/yamler/getters.go:229.2,229.20 1 1
github.com/Winter0rbit/yamler/getters.go:233.62,235.16 2 0
github.com/Winter0rbit/yamler/getters.go:235.16,237.3 1 0
github.com/Winter0rbit/yamler/getters.go:239.2,240.26 2 0
github.com/Winter0rbit/yamler/getters.go:240.26,241.26 1 0
github.com/Winter0rbit/yamler/getters.go:242.14,243.19 1 0
github.com/Winter0rbit/yamler/getters.go:244.15,246.18 2 0
github.com/Winter0rbit/yamler/getters.go:246.18,248.5 1 0
github.com/Winter0rbit/yamler/getters.go:249.4,249.17 1 0
github.com/Winter0rbit/yamler/getters.go:250.11,251.76 1 0
github.com/Winter0rbit/yamler/getters.go:255.2,255.20 1 0
github.com/Winter0rbit/yamler/getters.go:259.66,261.16 2 0
github.com/Winter0rbit/yamler/getters.go:261.16,263.3 1 0
github.com/Winter0rbit/yamler/getters.go:265.2,266.26 2 0
github.com/Winter0rbit/yamler/getters.go:266.26,267.26 1 0
github.com/Winter0rbit/yamler/getters.go:268.16,269.19 1 0
github.com/Winter0rbit/yamler/getters.go:270.14,271.28 1 0
github.com/Winter0rbit/yamler/getters.go:272.15,274.18 2 0
github.com/Winter0rbit/yamler/getters.go:274.18,276.5 1 0
github.com/Winter0rbit/yamler/getters.go:277.4,277.17 1 0
github.com/Winter0rbit/yamler/getters.go:278.11,279.73 1 0
github.com/Winter0rbit/yamler/getters.go:283.2,283.20 1 0
github.com/Winter0rbit/yamler/getters.go:287.62,289.16 2 0
github.com/Winter0rbit/yamler/getters.go:289.16,291.3 1 0
github.com/Winter0rbit/yamler/getters.go:293.2,294.26 2 0
github.com/Winter0rbit/yamler/getters.go:294.26,295.26 1 0
github.com/Winter0rbit/yamler/getters.go:296.13,297.19 1 0
github.com/Winter0rbit/yamler/getters.go:298.15,300.15 2 0
github.com/Winter0rbit/yamler/getters.go:301.34,302.21 1 0
github.com/Winter0rbit/yamler/getters.go:303.35,304.22 1 0
github.com/Winter0rbit/yamler/getters.go:305.12,306.82 1 0
github.com/Winter0rbit/yamler/getters.go:308.11,309.75 1 0
github.com/Winter0rbit/yamler/getters.go:313.2,313.20 1 0
github.com/Winter0rbit/yamler/getters.go:317.79,319.16 2 0
github.com/Winter0rbit/yamler/getters.go:319.16,321.3 1 0
github.com/Winter0rbit/yamler/getters.go:323.2,324.26 2 0
github.com/Winter0rbit/yamler/getters.go:324.26,326.10 2 0
github.com/Winter0rbit/yamler/getters.go:326.10,328.4 1 0
github.com/Winter0rbit/yamler/getters.go:329.3,329.16 1 0
github.com/Winter0rbit/yamler/getters.go:332.2,332.20 1 0
github.com/Winter0rbit/yamler/merge.go:11.49,12.18 1 1
github.com/Winter0rbit/yamler/merge.go:12.18,14.3 1 1
github.com/Winter0rbit/yamler/merge.go:16.2,17.16 2 1
github.com/Winter0rbit/yamler/merge.go:17.16,19.3 1 0
github.com/Winter0rbit/yamler/merge.go:21.2,22.16 2 1
github.com/Winter0rbit/yamler/merge.go:22.16,24.3 1 0
github.com/Winter0rbit/yamler/merge.go:26.2,27.16 2 1
github.com/Winter0rbit/yamler/merge.go:27.16,29.3 1 0
github.com/Winter0rbit/yamler/merge.go:32.2,33.16 2 1
github.com/Winter0rbit/yamler/merge.go:33.16,35.3 1 0
github.com/Winter0rbit/yamler/merge.go:36.2,38.12 2 1
github.com/Winter0rbit/yamler/merge.go:42.64,43.18 1 1
github.com/Winter0rbit/yamler/merge.go:43.18,45.3 1 1
github.com/Winter0rbit/yamler/merge.go:47.2,48.16 2 1
github.com/Winter0rbit/yamler/merge.go:48.16,50.3 1 0
github.com/Winter0rbit/yamler/merge.go:52.2,53.16 2 1
github.com/Winter0rbit/yamler/merge.go:53.16,55.3 1 0
github.com/Winter0rbit/yamler/merge.go:58.2,59.16 2 1
github.com/Winter0rbit/yamler/merge.go:59.16,61.3 1 0
github.com/Winter0rbit/yamler/merge.go:64.2,64.41 1 1
github.com/Winter0rbit/yamler/merge.go:64.41,69.3 4 0
github.com/Winter0rbit/yamler/merge.go:71.2,72.16 2 1
github.com/Winter0rbit/yamler/merge.go:72.16,74.3 1 0
github.com/Winter0rbit/yamler/merge.go:77.2,78.16 2 1
github.com/Winter0rbit/yamler/merge.go:78.16,80.3 1 0
github.com/Winter0rbit/yamler/merge.go:81.2,83.12 2 1
github.com/Winter0rbit/yamler/merge.go:87.50,88.19 1 1
github.com/Winter0rbit/yamler/merge.go:88.19,90.3 1 0
github.com/Winter0rbit/yamler/merge.go:92.2,92.21 1 1
github.com/Winter0rbit/yamler/merge.go:93.24,94.43 1 1
github.com/Winter0rbit/yamler/merge.go:95.25,96.44 1 1
github.com/Winter0rbit/yamler/merge.go:97.23,98.42 1 1
github.com/Winter0rbit/yamler/merge.go:99.10,100.74 1 0
github.com/Winter0rbit/yamler/merge.go:105.57,107.37 1 1
github.com/Winter0rbit/yamler/merge.go:107.37,112.3 4 0
github.com/Winter0rbit/yamler/merge.go:115.2,115.46 1 1
github.com/Winter0rbit/yamler/merge.go:115.46,119.75 3 1
github.com/Winter0rbit/yamler/merge.go:119.75,121.4 1 0
github.com/Winter0rbit/yamler/merge.go:123.2,123.12 1 1
github.com/Winter0rbit/yamler/merge.go:127.73,129.46 1 1
github.com/Winter0rbit/yamler/merge.go:129.46,131.41 2 1
github.com/Winter0rbit/yamler/merge.go:131.41,135.4 2 1
github.com/Winter0rbit/yamler/merge.go:139.2,149.16 3 1
github.com/Winter0rbit/yamler/merge.go:149.16,151.3 1 0
github.com/Winter0rbit/yamler/merge.go:153.2,154.12 2 1
github.com/Winter0rbit/yamler/merge.go:158.58,161.60 2 1
github.com/Winter0rbit/yamler/merge.go:161.60,164.3 1 1
github.com/Winter0rbit/yamler/merge.go:164.8,167.3 1 0
github.com/Winter0rbit/yamler/merge.go:169.2,174.38 5 1
github.com/Winter0rbit/yamler/merge.go:174.38,176.17 2 1
github.com/Winter0rbit/yamler/merge.go:176.17,178.4 1 0
github.com/Winter0rbit/yamler/merge.go:179.3,179.54 1 1
github.com/Winter0rbit/yamler/merge.go:181.2,181.12 1 1
github.com/Winter0rbit/yamler/merge.go:185.56,201.2 10 1
github.com/Winter0rbit/yamler/merge.go:204.68,205.50 1 1
github.com/Winter0rbit/yamler/merge.go:205.50,207.3 1 1
github.com/Winter0rbit/yamler/merge.go:208.2,208.22 1 1
github.com/Winter0rbit/yamler/merge.go:212.53,213.17 1 1
github.com/Winter0rbit/yamler/merge.go:213.17,215.3 1 0
github.com/Winter0rbit/yamler/merge.go:217.2,231.27 2 1
github.com/Winter0rbit/yamler/merge.go:231.27,233.38 2 0
github.com/Winter0rbit/yamler/merge.go:233.38,235.18 2 0
github.com/Winter0rbit/yamler/merge.go:235.18,237.5 1 0
github.com/Winter0rbit/yamler/merge.go:238.4,238.54 1 0
github.com/Winter0rbit/yamler/merge.go:242.2,242.19 1 1
github.com/Winter0rbit/yamler/merge.go:246.72,247.16 1 1
github.com/Winter0rbit/yamler/merge.go:247.16,249.3 1 0
github.com/Winter0rbit/yamler/merge.go:251.2,254.29 3 1
github.com/Winter0rbit/yamler/merge.go:254.29,255.25 1 1
github.com/Winter0rbit/yamler/merge.go:255.25,257.18 2 0
github.com/Winter0rbit/yamler/merge.go:257.18,259.5 1 0
github.com/Winter0rbit/yamler/merge.go:261.4,261.41 1 0
github.com/Winter0rbit/yamler/merge.go:261.41,265.5 3 0
github.com/Winter0rbit/yamler/merge.go:268.4,268.36 1 0
github.com/Winter0rbit/yamler/merge.go:268.36,273.5 1 0
github.com/Winter0rbit/yamler/merge.go:275.4,275.34 1 0
github.com/Winter0rbit/yamler/merge.go:276.9,278.39 1 1
github.com/Winter0rbit/yamler/merge.go:278.39,283.5 4 0
github.com/Winter0rbit/yamler/merge.go:284.4,284.40 1 1
github.com/Winter0rbit/yamler/merge.go:284.40,288.5 3 0
github.com/Winter0rbit/yamler/merge.go:290.4,291.49 2 1
github.com/Winter0rbit/yamler/merge.go:291.49,292.41 1 1
github.com/Winter0rbit/yamler/merge.go:292.41,295.11 3 1
github.com/Winter0rbit/yamler/merge.go:299.4,299.14 1 1
github.com/Winter0rbit/yamler/merge.go:299.14,305.26 3 1
github.com/Winter0rbit/yamler/merge.go:305.26,311.6 1 1
github.com/Winter0rbit/yamler/merge.go:311.11,317.6 1 0
github.com/Winter0rbit/yamler/merge.go:319.5,320.24 2 1
github.com/Winter0rbit/yamler/merge.go:325.2,325.21 1 1
github.com/Winter0rbit/yamler/setters.go:11.62,13.16 2 1
github.com/Winter0rbit/yamler/setters.go:13.16,15.3 1 1
github.com/Winter0rbit/yamler/setters.go:16.2,17.21 2 1
github.com/Winter0rbit/yamler/setters.go:17.21,20.17 2 1
github.com/Winter0rbit/yamler/setters.go:20.17,22.4 1 0
github.com/Winter0rbit/yamler/setters.go:23.3,25.17 3 1
github.com/Winter0rbit/yamler/setters.go:25.17,27.4 1 0
github.com/Winter0rbit/yamler/setters.go:28.3,29.13 2 1
github.com/Winter0rbit/yamler/setters.go:32.2,33.16 2 1
github.com/Winter0rbit/yamler/setters.go:33.16,35.3 1 0
github.com/Winter0rbit/yamler/setters.go:37.2,38.16 2 1
github.com/Winter0rbit/yamler/setters.go:38.16,40.3 1 0
github.com/Winter0rbit/yamler/setters.go:43.2,43.36 1 1
github.com/Winter0rbit/yamler/setters.go:43.36,48.3 4 1
github.com/Winter0rbit/yamler/setters.go:50.2,50.37 1 1
github.com/Winter0rbit/yamler/setters.go:50.37,52.47 2 1
github.com/Winter0rbit/yamler/setters.go:52.47,53.38 1 1
github.com/Winter0rbit/yamler/setters.go:53.38,59.10 6 1
github.com/Winter0rbit/yamler/setters.go:62.3,62.13 1 1
github.com/Winter0rbit/yamler/setters.go:62.13,68.4 2 1
github.com/Winter0rbit/yamler/setters.go:69.8,69.45 1 1
github.com/Winter0rbit/yamler/setters.go:69.45,71.17 2 1
github.com/Winter0rbit/yamler/setters.go:71.17,73.4 1 0
github.com/Winter0rbit/yamler/setters.go:74.3,74.44 1 1
github.com/Winter0rbit/yamler/setters.go:74.44,76.4 1 0
github.com/Winter0rbit/yamler/setters.go:77.3,80.34 4 1
github.com/Winter0rbit/yamler/setters.go:81.8,83.3 1 0
github.com/Winter0rbit/yamler/setters.go:85.2,86.16 2 1
github.com/Winter0rbit/yamler/setters.go:86.16,88.3 1 0
github.com/Winter0rbit/yamler/setters.go:89.2,90.12 2 1
github.com/Winter0rbit/yamler/setters.go:94.89,96.36 2 1
github.com/Winter0rbit/yamler/setters.go:96.36,99.25 2 1
github.com/Winter0rbit/yamler/setters.go:99.25,101.18 2 0
github.com/Winter0rbit/yamler/setters.go:101.18,103.5 1 0
github.com/Winter0rbit/yamler/setters.go:104.4,104.41 1 0
github.com/Winter0rbit/yamler/setters.go:104.41,107.5 2 0
github.com/Winter0rbit/yamler/setters.go:108.4,108.36 1 0
github.com/Winter0rbit/yamler/setters.go:108.36,113.5 1 0
github.com/Winter0rbit/yamler/setters.go:114.4,115.12 2 0
github.com/Winter0rbit/yamler/setters.go:118.3,118.38 1 1
github.com/Winter0rbit/yamler/setters.go:118.38,124.4 4 1
github.com/Winter0rbit/yamler/setters.go:125.3,125.39 1 1
github.com/Winter0rbit/yamler/setters.go:125.39,128.4 2 1
github.com/Winter0rbit/yamler/setters.go:129.3,130.48 2 1
github.com/Winter0rbit/yamler/setters.go:130.48,131.40 1 1
github.com/Winter0rbit/yamler/setters.go:131.40,134.10 3 1
github.com/Winter0rbit/yamler/setters.go:137.3,137.13 1 1
github.com/Winter0rbit/yamler/setters.go:137.13,147.4 3 1
github.com/Winter0rbit/yamler/setters.go:149.2,149.42 1 1
github.com/Winter0rbit/yamler/setters.go:153.37,155.2 1 1
github.com/Winter0rbit/yamler/setters.go:158.48,161.16 3 0
github.com/Winter0rbit/yamler/setters.go:161.16,163.3 1 0
github.com/Winter0rbit/yamler/setters.go:164.2,164.15 1 0
github.com/Winter0rbit/yamler/setters.go:164.15,166.3 1 0
github.com/Winter0rbit/yamler/setters.go:167.2,167.19 1 0
github.com/Winter0rbit/yamler/setters.go:171.63,173.2 1 1
github.com/Winter0rbit/yamler/setters.go:176.59,178.2 1 1
github.com/Winter0rbit/yamler/setters.go:181.63,183.2 1 1
github.com/Winter0rbit/yamler/setters.go:186.59,188.2 1 1
github.com/Winter0rbit/yamler/setters.go:191.70,193.2 1 1
github.com/Winter0rbit/yamler/setters.go:196.66,198.2 1 1
github.com/Winter0rbit/yamler/setters.go:201.70,203.2 1 1
github.com/Winter0rbit/yamler/setters.go:206.66,208.2 1 1
github.com/Winter0rbit/yamler/setters.go:211.83,213.2 1 1
github.com/Winter0rbit/yamler/validation.go:13.68,15.65 2 1
github.com/Winter0rbit/yamler/validation.go:15.65,17.3 1 0
github.com/Winter0rbit/yamler/validation.go:18.2,18.21 1 1
github.com/Winter0rbit/yamler/validation.go:22.67,24.16 2 0
github.com/Winter0rbit/yamler/validation.go:24.16,26.3 1 0
github.com/Winter0rbit/yamler/validation.go:27.2,27.46 1 0
github.com/Winter0rbit/yamler/validation.go:31.59,32.19 1 1
github.com/Winter0rbit/yamler/validation.go:32.19,34.3 1 0
github.com/Winter0rbit/yamler/validation.go:36.2,36.52 1 1
github.com/Winter0rbit/yamler/validation.go:40.79,41.45 1 1
github.com/Winter0rbit/yamler/validation.go:41.45,43.3 1 0
github.com/Winter0rbit/yamler/validation.go:45.2,45.21 1 1
github.com/Winter0rbit/yamler/validation.go:46.18,47.44 1 1
github.com/Winter0rbit/yamler/validation.go:48.15,49.41 1 1
github.com/Winter0rbit/yamler/validation.go:50.17,51.43 1 0
github.com/Winter0rbit/yamler/validation.go:52.16,53.42 1 1
github.com/Winter0rbit/yamler/validation.go:54.17,55.43 1 1
github.com/Winter0rbit/yamler/validation.go:56.15,57.41 1 1
github.com/Winter0rbit/yamler/validation.go:58.15,59.13 1 1
github.com/Winter0rbit/yamler/validation.go:60.10,61.72 1 0
github.com/Winter0rbit/yamler/validation.go:66.81,67.57 1 1
github.com/Winter0rbit/yamler/validation.go:67.57,69.3 1 0
github.com/Winter0rbit/yamler/validation.go:71.2,73.63 2 1
github.com/Winter0rbit/yamler/validation.go:73.63,75.3 1 1
github.com/Winter0rbit/yamler/validation.go:77.2,77.63 1 1
github.com/Winter0rbit/yamler/validation.go:77.63,79.3 1 0
github.com/Winter0rbit/yamler/validation.go:81.2,81.27 1 1
github.com/Winter0rbit/yamler/validation.go:81.27,83.17 2 1
github.com/Winter0rbit/yamler/validation.go:83.17,85.4 1 0
github.com/Winter0rbit/yamler/validation.go:86.3,86.29 1 1
github.com/Winter0rbit/yamler/validation.go:86.29,88.4 1 1
github.com/Winter0rbit/yamler/validation.go:91.2,91.24 1 1
github.com/Winter0rbit/yamler/validation.go:91.24,93.36 2 0
github.com/Winter0rbit/yamler/validation.go:93.36,94.52 1 0
github.com/Winter0rbit/yamler/validation.go:94.52,96.10 2 0
github.com/Winter0rbit/yamler/validation.go:99.3,99.13 1 0
github.com/Winter0rbit/yamler/validation.go:99.13,101.4 1 0
github.com/Winter0rbit/yamler/validation.go:104.2,104.12 1 1
github.com/Winter0rbit/yamler/validation.go:108.78,109.57 1 1
github.com/Winter0rbit/yamler/validation.go:109.57,111.3 1 0
github.com/Winter0rbit/yamler/validation.go:113.2,114.16 2 1
github.com/Winter0rbit/yamler/validation.go:114.16,116.3 1 0
github.com/Winter0rbit/yamler/validation.go:118.2,118.76 1 1
github.com/Winter0rbit/yamler/validation.go:122.80,123.84 1 0
github.com/Winter0rbit/yamler/validation.go:123.84,125.3 1 0
github.com/Winter0rbit/yamler/validation.go:127.2,128.16 2 0
github.com/Winter0rbit/yamler/validation.go:128.16,130.3 1 0
github.com/Winter0rbit/yamler/validation.go:132.2,132.65 1 0
github.com/Winter0rbit/yamler/validation.go:136.102,137.83 1 1
github.com/Winter0rbit/yamler/validation.go:137.83,139.3 1 0
github.com/Winter0rbit/yamler/validation.go:141.2,141.83 1 1
github.com/Winter0rbit/yamler/validation.go:141.83,143.3 1 1
github.com/Winter0rbit/yamler/validation.go:145.2,145.60 1 1
github.com/Winter0rbit/yamler/validation.go:149.102,150.54 1 1
github.com/Winter0rbit/yamler/validation.go:150.54,151.29 1 0
github.com/Winter0rbit/yamler/validation.go:151.29,153.4 1 0
github.com/Winter0rbit/yamler/validation.go:154.3,154.95 1 0
github.com/Winter0rbit/yamler/validation.go:157.2,157.73 1 1
github.com/Winter0rbit/yamler/validation.go:157.73,158.29 1 0
github.com/Winter0rbit/yamler/validation.go:158.29,160.4 1 0
github.com/Winter0rbit/yamler/validation.go:161.3,161.121 1 0
github.com/Winter0rbit/yamler/validation.go:164.2,164.12 1 1
github.com/Winter0rbit/yamler/validation.go:168.102,169.54 1 1
github.com/Winter0rbit/yamler/validation.go:169.54,170.29 1 1
github.com/Winter0rbit/yamler/validation.go:170.29,172.4 1 1
github.com/Winter0rbit/yamler/validation.go:173.3,173.98 1 0
github.com/Winter0rbit/yamler/validation.go:176.2,176.73 1 1
github.com/Winter0rbit/yamler/validation.go:176.73,177.29 1 0
github.com/Winter0rbit/yamler/validation.go:177.29,179.4 1 0
github.com/Winter0rbit/yamler/validation.go:180.3,180.118 1 0
github.com/Winter0rbit/yamler/validation.go:183.2,183.12 1 1
github.com/Winter0rbit/yamler/validation.go:187.95,188.24 1 1
github.com/Winter0rbit/yamler/validation.go:188.24,190.3 1 1
github.com/Winter0rbit/yamler/validation.go:192.2,192.35 1 0
github.com/Winter0rbit/yamler/validation.go:192.35,193.20 1 0
github.com/Winter0rbit/yamler/validation.go:194.18,195.58 1 0
github.com/Winter0rbit/yamler/validation.go:195.58,197.5 1 0
github.com/Winter0rbit/yamler/validation.go:198.16,199.53 1 0
github.com/Winter0rbit/yamler/validation.go:199.53,201.5 1 0
github.com/Winter0rbit/yamler/validation.go:205.2,205.28 1 0
github.com/Winter0rbit/yamler/validation.go:205.28,207.3 1 0
github.com/Winter0rbit/yamler/validation.go:208.2,208.68 1 0
github.com/Winter0rbit/yamler/validation.go:212.79,213.58 1 1
github.com/Winter0rbit/yamler/validation.go:213.58,215.3 1 0
github.com/Winter0rbit/yamler/validation.go:217.2,218.16 2 1
github.com/Winter0rbit/yamler/validation.go:218.16,220.3 1 0
github.com/Winter0rbit/yamler/validation.go:222.2,222.24 1 1
github.com/Winter0rbit/yamler/validation.go:222.24,224.36 2 0
github.com/Winter0rbit/yamler/validation.go:224.36,225.46 1 0
github.com/Winter0rbit/yamler/validation.go:225.46,227.10 2 0
github.com/Winter0rbit/yamler/validation.go:230.3,230.13 1 0
github.com/Winter0rbit/yamler/validation.go:230.13,232.4 1 0
github.com/Winter0rbit/yamler/validation.go:235.2,235.12 1 1
github.com/Winter0rbit/yamler/validation.go:239.80,240.36 1 1
github.com/Winter0rbit/yamler/validation.go:240.36,242.3 1 0
github.com/Winter0rbit/yamler/validation.go:244.2,244.68 1 1
github.com/Winter0rbit/yamler/validation.go:244.68,246.3 1 0
github.com/Winter0rbit/yamler/validation.go:248.2,248.68 1 1
github.com/Winter0rbit/yamler/validation.go:248.68,250.3 1 0
github.com/Winter0rbit/yamler/validation.go:252.2,252.24 1 1
github.com/Winter0rbit/yamler/validation.go:252.24,254.37 2 1
github.com/Winter0rbit/yamler/validation.go:254.37,256.17 2 1
github.com/Winter0rbit/yamler/validation.go:256.17,258.5 1 0
github.com/Winter0rbit/yamler/validation.go:259.4,259.20 1 1
github.com/Winter0rbit/yamler/validation.go:263.2,263.25 1 1
github.com/Winter0rbit/yamler/validation.go:263.25,264.37 1 1
github.com/Winter0rbit/yamler/validation.go:264.37,266.69 2 1
github.com/Winter0rbit/yamler/validation.go:266.69,268.5 1 0
github.com/Winter0rbit/yamler/validation.go:272.2,272.12 1 1
github.com/Winter0rbit/yamler/validation.go:276.78,277.35 1 1
github.com/Winter0rbit/yamler/validation.go:277.35,279.3 1 0
github.com/Winter0rbit/yamler/validation.go:282.2,282.28 1 1
github.com/Winter0rbit/yamler/validation.go:282.28,283.44 1 1
github.com/Winter0rbit/yamler/validation.go:283.44,285.46 2 1
github.com/Winter0rbit/yamler/validation.go:285.46,286.42 1 1
github.com/Winter0rbit/yamler/validation.go:286.42,288.11 2 1
github.com/Winter0rbit/yamler/validation.go:291.4,291.14 1 1
github.com/Winter0rbit/yamler/validation.go:291.14,293.5 1 0
github.com/Winter0rbit/yamler/validation.go:298.2,298.44 1 1
github.com/Winter0rbit/yamler/validation.go:298.44,302.22 4 1
github.com/Winter0rbit/yamler/validation.go:302.22,304.4 1 1
github.com/Winter0rbit/yamler/validation.go:304.9,306.4 1 1
github.com/Winter0rbit/yamler/validation.go:309.3,309.55 1 1
github.com/Winter0rbit/yamler/validation.go:309.55,310.73 1 1
github.com/Winter0rbit/yamler/validation.go:310.73,312.5 1 1
github.com/Winter0rbit/yamler/validation.go:313.9,313.81 1 0
github.com/Winter0rbit/yamler/validation.go:313.81,315.4 1 0
github.com/Winter0rbit/yamler/validation.go:318.2,318.12 1 1
github.com/Winter0rbit/yamler/wildcards.go:17.75,19.16 2 1
github.com/Winter0rbit/yamler/wildcards.go:19.16,21.3 1 0
github.com/Winter0rbit/yamler/wildcards.go:23.2,25.16 3 1
github.com/Winter0rbit/yamler/wildcards.go:25.16,27.3 1 0
github.com/Winter0rbit/yamler/wildcards.go:29.2,29.21 1 1
github.com/Winter0rbit/yamler/wildcards.go:34.68,37.16 2 1
github.com/Winter0rbit/yamler/wildcards.go:37.16,39.3 1 0
github.com/Winter0rbit/yamler/wildcards.go:42.2,42.28 1 1
github.com/Winter0rbit/yamler/wildcards.go:42.28,44.17 2 1
github.com/Winter0rbit/yamler/wildcards.go:44.17,46.4 1 0
github.com/Winter0rbit/yamler/wildcards.go:49.2,49.12 1 1
github.com/Winter0rbit/yamler/wildcards.go:53.62,55.16 2 1
github.com/Winter0rbit/yamler/wildcards.go:55.16,57.3 1 0
github.com/Winter0rbit/yamler/wildcards.go:59.2,60.27 2 1
github.com/Winter0rbit/yamler/wildcards.go:60.27,62.3 1 1
github.com/Winter0rbit/yamler/wildcards.go:63.2,65.18 2 1
github.com/Winter0rbit/yamler/wildcards.go:69.108,70.17 1 1
github.com/Winter0rbit/yamler/wildcards.go:70.17,72.3 1 0
github.com/Winter0rbit/yamler/wildcards.go:75.2,75.39 1 1
github.com/Winter0rbit/yamler/wildcards.go:75.39,77.17 2 1
github.com/Winter0rbit/yamler/wildcards.go:77.17,79.4 1 0
github.com/Winter0rbit/yamler/wildcards.go:80.3,81.13 2 1
github.com/Winter0rbit/yamler/wildcards.go:84.2,84.19 1 1
github.com/Winter0rbit/yamler/wildcards.go:85.24,86.45 1 1
github.com/Winter0rbit/yamler/wildcards.go:86.45,91.25 4 1
github.com/Winter0rbit/yamler/wildcards.go:91.25,93.5 1 1
github.com/Winter0rbit/yamler/wildcards.go:93.10,95.5 1 1
github.com/Winter0rbit/yamler/wildcards.go:98.4,98.38 1 1
github.com/Winter0rbit/yamler/wildcards.go:98.38,100.19 2 1
github.com/Winter0rbit/yamler/wildcards.go:100.19,102.6 1 0
github.com/Winter0rbit/yamler/wildcards.go:106.25,107.44 1 1
github.com/Winter0rbit/yamler/wildcards.go:107.44,111.38 2 1
github.com/Winter0rbit/yamler/wildcards.go:111.38,113.19 2 1
github.com/Winter0rbit/yamler/wildcards.go:113.19,115.6 1 0
github.com/Winter0rbit/yamler/wildcards.go:120.2,120.12 1 1
github.com/Winter0rbit/yamler/wildcards.go:124.45,125.21 1 1
github.com/Winter0rbit/yamler/wildcards.go:125.21,127.3 1 1
github.com/Winter0rbit/yamler/wildcards.go:130.2,132.16 3 1
github.com/Winter0rbit/yamler/wildcards.go:132.16,134.3 1 0
github.com/Winter0rbit/yamler/wildcards.go:136.2,136.16 1 1
github.com/Winter0rbit/yamler/wildcards.go:141.44,147.36 3 1
github.com/Winter0rbit/yamler/wildcards.go:147.36,148.19 1 1
github.com/Winter0rbit/yamler/wildcards.go:148.19,150.4 1 1
github.com/Winter0rbit/yamler/wildcards.go:154.2,154.40 1 1
github.com/Winter0rbit/yamler/wildcards.go:154.40,156.56 2 0
github.com/Winter0rbit/yamler/wildcards.go:156.56,158.4 1 0
github.com/Winter0rbit/yamler/wildcards.go:162.2,162.63 1 1
github.com/Winter0rbit/yamler/wildcards.go:162.63,166.48 3 1
github.com/Winter0rbit/yamler/wildcards.go:166.48,167.12 1 1
github.com/Winter0rbit/yamler/wildcards.go:171.3,171.41 1 1
github.com/Winter0rbit/yamler/wildcards.go:171.41,174.31 3 0
github.com/Winter0rbit/yamler/wildcards.go:174.31,176.5 1 0
github.com/Winter0rbit/yamler/wildcards.go:177.4,177.12 1 0
github.com/Winter0rbit/yamler/wildcards.go:181.3,181.77 1 1
github.com/Winter0rbit/yamler/wildcards.go:181.77,183.31 2 0
github.com/Winter0rbit/yamler/wildcards.go:183.31,185.5 1 0
github.com/Winter0rbit/yamler/wildcards.go:186.4,186.12 1 0
github.com/Winter0rbit/yamler/wildcards.go:189.3,189.30 1 1
github.com/Winter0rbit/yamler/wildcards.go:189.30,191.4 1 1
github.com/Winter0rbit/yamler/wildcards.go:194.2,194.13 1 1
github.com/Winter0rbit/yamler/wildcards.go:198.45,222.2 9 1
github.com/Winter0rbit/yamler/wildcards.go:225.90,228.32 2 1
github.com/Winter0rbit/yamler/wildcards.go:228.32,229.33 1 1
github.com/Winter0rbit/yamler/wildcards.go:229.33,231.4 1 1
github.com/Winter0rbit/yamler/wildcards.go:234.2,234.17 1 1
github.com/Winter0rbit/yamler/wildcards.go:238.58,240.16 2 1
github.com/Winter0rbit/yamler/wildcards.go:240.16,242.3 1 0
github.com/Winter0rbit/yamler/wildcards.go:244.2,246.16 3 1
github.com/Winter0rbit/yamler/wildcards.go:246.16,248.3 1 0
github.com/Winter0rbit/yamler/wildcards.go:250.2,251.19 2 1
github.com/Winter0rbit/yamler/wildcards.go:255.79,256.17 1 1
github.com/Winter0rbit/yamler/wildcards.go:256.17,258.3 1 0
github.com/Winter0rbit/yamler/wildcards.go:261.2,261.23 1 1
github.com/Winter0rbit/yamler/wildcards.go:261.23,263.3 1 1
github.com/Winter0rbit/yamler/wildcards.go:265.2,265.19 1 1
github.com/Winter0rbit/yamler/wildcards.go:266.24,267.45 1 1
github.com/Winter0rbit/yamler/wildcards.go:267.45,272.25 4 1
github.com/Winter0rbit/yamler/wildcards.go:272.25,274.5 1 1
github.com/Winter0rbit/yamler/wildcards.go:274.10,276.5 1 1
github.com/Winter0rbit/yamler/wildcards.go:278.4,279.18 2 1
github.com/Winter0rbit/yamler/wildcards.go:279.18,281.5 1 0
github.com/Winter0rbit/yamler/wildcards.go:284.25,285.44 1 0
github.com/Winter0rbit/yamler/wildcards.go:285.44,288.18 3 0
github.com/Winter0rbit/yamler/wildcards.go:288.18,290.5 1 0
github.com/Winter0rbit/yamler/wildcards.go:294.2,294.12 1 1
